[debug] [2023-02-09T10:21:20.541Z] : 
[debug] [2023-02-09T10:21:20.541Z] : ----------------------------------------------------------------------
[debug] [2023-02-09T10:21:20.542Z] : Command:      C:\Program Files\nodejs\node.exe C:\Users\Ashwi\AppData\Roaming\npm\node_modules\zcatalyst-cli\lib\bin\catalyst.js serve
[debug] [2023-02-09T10:21:20.542Z] : CLI Version:  1.13.3
[debug] [2023-02-09T10:21:20.542Z] : Platform:     win32
[debug] [2023-02-09T10:21:20.543Z] : Node Version: v18.12.1
[debug] [2023-02-09T10:21:20.543Z] : Time:         Thu Feb 09 2023 15:51:20 GMT+0530 (India Standard Time)
[debug] [2023-02-09T10:21:20.543Z] : ----------------------------------------------------------------------
[debug] [2023-02-09T10:21:20.543Z] : 
[debug] [2023-02-09T10:21:21.017Z] : > authorizing via signed-in user option
[debug] [2023-02-09T10:21:21.017Z] : > command requires scopes: ["ZohoCatalyst.projects.ALL","ZohoCatalyst.functions.ALL","ZohoCatalyst.functions.EXECUTE","ZohoCatalyst.webapp.ALL"]
[debug] [2023-02-09T10:21:21.025Z] : >>>> HTTP REQUEST : GET https://api.catalyst.zoho.com/baas/v1/project/14699000000007300 

[debug] [2023-02-09T10:21:21.931Z] : <<<< HTTP RESPONSE : 200
Response Headers: {"server":"ZGS","date":"Thu, 09 Feb 2023 10:21:21 GMT","content-type":"application/vnd.catalyst.v2+json","transfer-encoding":"chunked","connection":"close","set-cookie":["46512fd555=ba2a1b22f2a5e14b0d2647f7e38884fc; Path=/","ZD_CSRF_TOKEN=f84f05bc-322b-4b6c-b964-1bd4993492cc;path=/;SameSite=None;Secure;priority=high","_zcsr_tmp=f84f05bc-322b-4b6c-b964-1bd4993492cc;path=/;SameSite=Strict;Secure;priority=high"],"x-content-type-options":"nosniff","x-xss-protection":"1","pragma":"no-cache","cache-control":"private,no-cache,no-store,max-age=0,must-revalidate","expires":"Thu, 01 Jan 1970 00:00:00 GMT","x-frame-options":"DENY","strict-transport-security":"max-age=63072000"}

[debug] [2023-02-09T10:21:21.938Z] : >>>> HTTP REQUEST : GET https://api.catalyst.zoho.com/baas/v1/project/14699000000007300/environment 

[debug] [2023-02-09T10:21:22.789Z] : <<<< HTTP RESPONSE : 200
Response Headers: {"server":"ZGS","date":"Thu, 09 Feb 2023 10:21:22 GMT","content-type":"application/vnd.catalyst.v2+json","transfer-encoding":"chunked","connection":"close","set-cookie":["46512fd555=bbdfb771565421abbe10f7a180903d28; Path=/","ZD_CSRF_TOKEN=03911b86-e6a6-4de7-a889-5d117e05be9d;path=/;SameSite=None;Secure;priority=high","_zcsr_tmp=03911b86-e6a6-4de7-a889-5d117e05be9d;path=/;SameSite=Strict;Secure;priority=high"],"x-content-type-options":"nosniff","x-xss-protection":"1","pragma":"no-cache","cache-control":"private,no-cache,no-store,max-age=0,must-revalidate","expires":"Thu, 01 Jan 1970 00:00:00 GMT","x-frame-options":"DENY","strict-transport-security":"max-age=63072000"}

[debug] [2023-02-09T10:21:22.910Z] : http port : '3000' is not available. Hence port '3001' will be used instead.
[debug] [2023-02-09T10:21:22.916Z] : >>>> HTTP REQUEST : GET https://api.catalyst.zoho.com/baas/v1/project/14699000000007300/function 
Query params: {"type":"basicio,event,cron,applogic,integration"}

[debug] [2023-02-09T10:21:22.930Z] : http port : '3030' is not available. Hence port '3032' will be used instead.
[debug] [2023-02-09T10:21:23.847Z] : <<<< HTTP RESPONSE : 200
Response Headers: {"server":"ZGS","date":"Thu, 09 Feb 2023 10:21:23 GMT","content-type":"application/vnd.catalyst.v2+json","transfer-encoding":"chunked","connection":"close","set-cookie":["46512fd555=ba2a1b22f2a5e14b0d2647f7e38884fc; Path=/","ZD_CSRF_TOKEN=7af9f035-3423-405b-a616-429e0635ab50;path=/;SameSite=None;Secure;priority=high","_zcsr_tmp=7af9f035-3423-405b-a616-429e0635ab50;path=/;SameSite=Strict;Secure;priority=high"],"x-content-type-options":"nosniff","x-xss-protection":"1","pragma":"no-cache","cache-control":"private,no-cache,no-store,max-age=0,must-revalidate","expires":"Thu, 01 Jan 1970 00:00:00 GMT","x-frame-options":"DENY","strict-transport-security":"max-age=63072000"}

[debug] [2023-02-09T10:21:23.851Z] : unknown eol undefined hence skipping check
[debug] [2023-02-09T10:21:23.872Z] : http port : '3010' is not available. Hence port '3011' will be used instead.
[info] [2023-02-09T10:21:23.894Z] : i server[alien_city_function]: URL : http://localhost:3001/server/alien_city_function/
[info] [2023-02-09T10:21:23.894Z] : 
[info] [2023-02-09T10:21:24.026Z] : i client[ALcity]: URL : http://localhost:3001/app/
